[2024-09-10T12:54:57.667121+02:00] ipt10.WARNING: [YOUR COMPLETE NAME] [] []
[2024-09-10T12:54:57.668491+02:00] ipt10.ERROR: [YOUR EMAIL ADDRESS] [] []
[2024-09-10T12:54:57.668540+02:00] ipt10.INFO: profile {"student_number":"[YOUR STUDENT NUMBER]","college":"[COLLEGE NAME]","program":"[PROGRAM NAME]","university":"[UNIVERSITY NAME]"} []
[2024-09-10T12:54:57.668611+02:00] TestLogger.INFO: TestClass created [] []
[2024-09-10T12:54:57.668815+02:00] TestLogger.INFO: TestClass::greet Greetings to [YOUR NAME] [] []
[2024-09-10T12:54:57.669082+02:00] TestLogger.INFO: TestClass Getting the average [] []
[2024-09-10T12:54:57.669309+02:00] TestLogger.INFO: TestClass Getting the largest number [] []
[2024-09-10T12:54:57.669555+02:00] TestLogger.INFO: TestClass Getting the smallest number [] []
[2024-09-10T12:54:57.669922+02:00] ipt10.INFO: data {"values":[100,345,4563,65,234,6734,-99]} []
[2024-09-10T12:54:57.669958+02:00] ipt10.INFO: object {"object":{"TestClass":[]}} []
[2024-09-10T12:55:37.476237+02:00] ipt10.WARNING: [YOUR COMPLETE NAME] [] []
[2024-09-10T12:55:37.477498+02:00] ipt10.ERROR: [YOUR EMAIL ADDRESS] [] []
[2024-09-10T12:55:37.477530+02:00] ipt10.INFO: profile {"student_number":"[YOUR STUDENT NUMBER]","college":"[COLLEGE NAME]","program":"[PROGRAM NAME]","university":"[UNIVERSITY NAME]"} []
[2024-09-10T12:55:37.477570+02:00] TestLogger.INFO: TestClass created [] []
[2024-09-10T12:55:37.477705+02:00] TestLogger.INFO: TestClass::greet Greetings to [YOUR NAME] [] []
[2024-09-10T12:55:37.477999+02:00] TestLogger.INFO: TestClass Getting the average [] []
[2024-09-10T12:55:37.478298+02:00] TestLogger.INFO: TestClass Getting the largest number [] []
[2024-09-10T12:55:37.478528+02:00] TestLogger.INFO: TestClass Getting the smallest number [] []
[2024-09-10T12:55:37.478769+02:00] ipt10.INFO: data {"values":[100,345,4563,65,234,6734,-99]} []
[2024-09-10T12:55:37.478809+02:00] ipt10.INFO: object {"object":{"TestClass":[]}} []
